This file contains any messages produced by compilers while
running configure, to aid debugging if configure makes a mistake.

It was created by MP4v2 configure 2.0.0, which was
generated by GNU Autoconf 2.65.  Invocation command line was

  $ ./configure --host=arm-android --disable-optimize --disable-util --disable-static

## --------- ##
## Platform. ##
## --------- ##

hostname = cr4x.home
uname -m = x86_64
uname -r = 13.1.0
uname -s = Darwin
uname -v = Darwin Kernel Version 13.1.0: Thu Jan 16 19:40:37 PST 2014; root:xnu-2422.90.20~2/RELEASE_X86_64

/usr/bin/uname -p = i386
/bin/uname -X     = unknown

/bin/arch              = unknown
/usr/bin/arch -k       = unknown
/usr/convex/getsysinfo = unknown
/usr/bin/hostinfo      = Mach kernel version:
	 Darwin Kernel Version 13.1.0: Thu Jan 16 19:40:37 PST 2014; root:xnu-2422.90.20~2/RELEASE_X86_64
Kernel configured for up to 4 processors.
2 processors are physically available.
4 processors are logically available.
Processor type: i486 (Intel 80486)
Processors active: 0 1 2 3
Primary memory available: 8.00 gigabytes
Default processor set: 220 tasks, 1127 threads, 4 processors
Load average: 2.44, Mach factor: 1.61
/bin/machine           = unknown
/usr/bin/oslevel       = unknown
/bin/universe          = unknown

PATH: /opt/android-ext//bin
PATH: /Users/klaus/dev/sdk/tools
PATH: /opt/local/bin
PATH: /opt/local/sbin
PATH: /usr/bin
PATH: /bin
PATH: /usr/sbin
PATH: /sbin
PATH: /usr/local/bin


## ----------- ##
## Core tests. ##
## ----------- ##

configure:2412:
  -->
  --> Configuring MP4v2 2.0.0
  -->
configure:2457: checking for a BSD-compatible install
configure:2525: result: /usr/bin/install -c
configure:2536: checking whether build environment is sane
configure:2586: result: yes
configure:2635: checking for arm-android-strip
configure:2665: result: no
configure:2675: checking for strip
configure:2691: found /usr/bin/strip
configure:2702: result: strip
configure:2727: checking for a thread-safe mkdir -p
configure:2766: result: autoaux/install-sh -c -d
configure:2779: checking for gawk
configure:2809: result: no
configure:2779: checking for mawk
configure:2809: result: no
configure:2779: checking for nawk
configure:2809: result: no
configure:2779: checking for awk
configure:2795: found /usr/bin/awk
configure:2806: result: awk
configure:2817: checking whether make sets $(MAKE)
configure:2839: result: yes
configure:2931: checking build system type
configure:2945: result: i386-apple-darwin13.1.0
configure:2965: checking host system type
configure:2974: error: /bin/sh autoaux/config.sub arm-android failed

## ---------------- ##
## Cache variables. ##
## ---------------- ##

ac_cv_build=i386-apple-darwin13.1.0
ac_cv_env_CCC_set=
ac_cv_env_CCC_value=
ac_cv_env_CC_set=
ac_cv_env_CC_value=
ac_cv_env_CFLAGS_set=
ac_cv_env_CFLAGS_value=
ac_cv_env_CPPFLAGS_set=
ac_cv_env_CPPFLAGS_value=
ac_cv_env_CPP_set=
ac_cv_env_CPP_value=
ac_cv_env_CXXCPP_set=
ac_cv_env_CXXCPP_value=
ac_cv_env_CXXFLAGS_set=
ac_cv_env_CXXFLAGS_value=
ac_cv_env_CXX_set=
ac_cv_env_CXX_value=
ac_cv_env_LDFLAGS_set=
ac_cv_env_LDFLAGS_value=
ac_cv_env_LIBS_set=
ac_cv_env_LIBS_value=
ac_cv_env_build_alias_set=
ac_cv_env_build_alias_value=
ac_cv_env_host_alias_set=set
ac_cv_env_host_alias_value=arm-android
ac_cv_env_target_alias_set=
ac_cv_env_target_alias_value=
ac_cv_host=
ac_cv_path_install='/usr/bin/install -c'
ac_cv_prog_AWK=awk
ac_cv_prog_ac_ct_STRIP=strip
ac_cv_prog_make_make_set=yes

## ----------------- ##
## Output variables. ##
## ----------------- ##

ACLOCAL='${SHELL} /Users/klaus/dev/splots/recorder/jni/mp4v2/autoaux/missing --run aclocal-1.11'
ADD_MANS_FALSE=''
ADD_MANS_TRUE=''
ADD_PLATFORM_POSIX_FALSE=''
ADD_PLATFORM_POSIX_TRUE=''
ADD_PLATFORM_WIN32_FALSE=''
ADD_PLATFORM_WIN32_TRUE=''
ADD_UTIL_FALSE=''
ADD_UTIL_TRUE=''
AMDEPBACKSLASH=''
AMDEP_FALSE=''
AMDEP_TRUE=''
AMTAR='${SHELL} /Users/klaus/dev/splots/recorder/jni/mp4v2/autoaux/missing --run tar'
AR=''
AUTOCONF='${SHELL} /Users/klaus/dev/splots/recorder/jni/mp4v2/autoaux/missing --run autoconf'
AUTOHEADER='${SHELL} /Users/klaus/dev/splots/recorder/jni/mp4v2/autoaux/missing --run autoheader'
AUTOMAKE='${SHELL} /Users/klaus/dev/splots/recorder/jni/mp4v2/autoaux/missing --run automake-1.11'
AWK='awk'
CC=''
CCDEPMODE=''
CFLAGS=''
CPP=''
CPPFLAGS=''
CXX=''
CXXCPP=''
CXXDEPMODE=''
CXXFLAGS=''
CYGPATH_W='echo'
DEFS=''
DEPDIR=''
DSYMUTIL=''
DUMPBIN=''
ECHO_C='\c'
ECHO_N=''
ECHO_T=''
EGREP=''
EXEEXT=''
FGREP=''
FOUND_HELP2MAN=''
GREP=''
INSTALL_DATA='${INSTALL} -m 644'
INSTALL_PROGRAM='${INSTALL}'
INSTALL_SCRIPT='${INSTALL}'
INSTALL_STRIP_PROGRAM='$(install_sh) -c -s'
LD=''
LDFLAGS=''
LIBOBJS=''
LIBS=''
LIBTOOL=''
LIPO=''
LN_S=''
LTLIBOBJS=''
MAKEINFO='${SHELL} /Users/klaus/dev/splots/recorder/jni/mp4v2/autoaux/missing --run makeinfo'
MKDIR_P='autoaux/install-sh -c -d'
NM=''
NMEDIT=''
OBJDUMP=''
OBJEXT=''
OTOOL64=''
OTOOL=''
PACKAGE='mp4v2'
PACKAGE_BUGREPORT='kidjan@gmail.com'
PACKAGE_NAME='MP4v2'
PACKAGE_STRING='MP4v2 2.0.0'
PACKAGE_TARNAME='mp4v2'
PACKAGE_URL=''
PACKAGE_VERSION='2.0.0'
PATH_SEPARATOR=':'
PROJECT_bugreport=''
PROJECT_build=''
PROJECT_irc=''
PROJECT_name=''
PROJECT_name_formal=''
PROJECT_name_lower=''
PROJECT_name_upper=''
PROJECT_repo_branch=''
PROJECT_repo_date=''
PROJECT_repo_rev=''
PROJECT_repo_root=''
PROJECT_repo_type=''
PROJECT_repo_url=''
PROJECT_repo_uuid=''
PROJECT_url_discussion=''
PROJECT_url_downloads=''
PROJECT_url_website=''
PROJECT_version=''
PROJECT_version_hex=''
PROJECT_version_major=''
PROJECT_version_minor=''
PROJECT_version_point=''
RANLIB=''
SED=''
SET_MAKE=''
SHELL='/bin/sh'
STRIP='strip'
VERSION='2.0.0'
X_CXX_ARCH=''
X_CXX_D=''
X_CXX_I=''
X_CXX_W=''
X_GCH=''
X_GCH_FLAGS=''
X_GCH_SHARED=''
X_GCH_SHARED_FLAGS=''
X_GCH_STATIC=''
X_GCH_STATIC_FLAGS=''
X_MINGW_LIBS=''
X_libmp4v2_la_LDFLAGS=''
ac_ct_CC=''
ac_ct_CXX=''
ac_ct_DUMPBIN=''
am__EXEEXT_FALSE=''
am__EXEEXT_TRUE=''
am__fastdepCC_FALSE=''
am__fastdepCC_TRUE=''
am__fastdepCXX_FALSE=''
am__fastdepCXX_TRUE=''
am__include=''
am__isrc=''
am__leading_dot='.'
am__quote=''
am__tar='${AMTAR} chof - "$$tardir"'
am__untar='${AMTAR} xf -'
bindir='${exec_prefix}/bin'
build='i386-apple-darwin13.1.0'
build_alias=''
build_cpu='i386'
build_os='darwin13.1.0'
build_vendor='apple'
datadir='${datarootdir}'
datarootdir='${prefix}/share'
docdir='${datarootdir}/doc/${PACKAGE_TARNAME}'
dvidir='${docdir}'
exec_prefix='NONE'
host='arm-android'
host_alias='arm-android'
host_cpu=''
host_os=''
host_vendor=''
htmldir='${docdir}'
includedir='${prefix}/include'
infodir='${datarootdir}/info'
install_sh='${SHELL} /Users/klaus/dev/splots/recorder/jni/mp4v2/autoaux/install-sh'
libdir='${exec_prefix}/lib'
libexecdir='${exec_prefix}/libexec'
localedir='${datarootdir}/locale'
localstatedir='${prefix}/var'
lt_ECHO='/bin/echo'
mandir='${datarootdir}/man'
mkdir_p='$(top_builddir)/autoaux/install-sh -c -d'
oldincludedir='/usr/include'
pdfdir='${docdir}'
prefix='NONE'
program_transform_name='s,x,x,'
psdir='${docdir}'
sbindir='${exec_prefix}/sbin'
sharedstatedir='${prefix}/com'
sysconfdir='${prefix}/etc'
target_alias=''

## ----------- ##
## confdefs.h. ##
## ----------- ##

/* confdefs.h */
#define PACKAGE_NAME "MP4v2"
#define PACKAGE_TARNAME "mp4v2"
#define PACKAGE_VERSION "2.0.0"
#define PACKAGE_STRING "MP4v2 2.0.0"
#define PACKAGE_BUGREPORT "kidjan@gmail.com"
#define PACKAGE_URL ""
#define PACKAGE "mp4v2"
#define VERSION "2.0.0"

configure: exit 1
